<?xml version="1.0" encoding="UTF-8"?>
<!-- Generated by org.testng.reporters.JUnitReportReporter -->
<testsuite hostname="MachineLearner" failures="0" tests="4" name="testNG.Demo2" time="0.010" errors="0" timestamp="2025-08-17T10:13:27 IST" skipped="0">
  <testcase classname="testNG.Demo2" name="mobileLogin" time="0.002"/>
  <testcase classname="testNG.Demo2" name="apiLogin" time="0.002"/>
  <testcase classname="testNG.Demo2" name="mobile_sso_Login" time="0.003"/>
  <testcase classname="testNG.Demo2" name="webLogin" time="0.003"/>
</testsuite> <!-- testNG.Demo2 -->
