<?xml version="1.0" encoding="UTF-8"?>
<!-- Generated by org.testng.reporters.JUnitReportReporter -->
<testsuite hostname="MachineLearner" failures="0" tests="1" name="testNG.DemoS39" time="0.007" errors="0" timestamp="2025-07-27T11:09:36 IST" skipped="0">
  <testcase classname="testNG.DemoS39" name="S39" time="0.007"/>
</testsuite> <!-- testNG.DemoS39 -->
