<?xml version="1.0" encoding="UTF-8"?>
<!-- Generated by org.testng.reporters.JUnitReportReporter -->
<testsuite hostname="MachineLearner" failures="0" tests="4" name="testNG.Parameterization" time="0.017" errors="0" timestamp="2025-07-27T11:51:16 IST" skipped="0">
  <testcase classname="testNG.Parameterization" name="search1" time="0.002"/>
  <testcase classname="testNG.Parameterization" name="search1" time="0.010"/>
  <testcase classname="testNG.Parameterization" name="search1" time="0.002"/>
  <testcase classname="testNG.Parameterization" name="search2" time="0.003"/>
</testsuite> <!-- testNG.Parameterization -->
