<?xml version="1.0" encoding="UTF-8"?>
<!-- Generated by org.testng.reporters.JUnitReportReporter -->
<testsuite hostname="MachineLearner" failures="0" tests="6" name="testNG.Groups" time="0.009" errors="0" timestamp="2025-07-27T11:09:36 IST" skipped="0">
  <testcase classname="testNG.Groups" name="test3" time="0.002"/>
  <testcase classname="testNG.Groups" name="test6" time="0.001"/>
  <testcase classname="testNG.Groups" name="test1" time="0.002"/>
  <testcase classname="testNG.Groups" name="test4" time="0.001"/>
  <testcase classname="testNG.Groups" name="test5" time="0.001"/>
  <testcase classname="testNG.Groups" name="test2" time="0.002"/>
</testsuite> <!-- testNG.Groups -->
