<?xml version="1.0" encoding="UTF-8"?>
<!-- Generated by org.testng.reporters.JUnitReportReporter -->
<testsuite hostname="MachineLearner" failures="0" tests="2" name="testNG.DemoS38" time="0.013" errors="0" timestamp="2025-07-27T11:09:36 IST" skipped="0">
  <testcase classname="testNG.DemoS38" name="S38" time="0.006"/>
  <testcase classname="testNG.DemoS38" name="S38_1" time="0.007"/>
</testsuite> <!-- testNG.DemoS38 -->
