<?xml version="1.0" encoding="UTF-8"?>
<!-- Generated by org.testng.reporters.JUnitReportReporter -->
<testsuite hostname="MachineLearner" failures="0" tests="3" name="testNG.DemoS41" time="0.004" errors="0" timestamp="2025-07-27T11:09:36 IST" skipped="0">
  <testcase classname="testNG.DemoS41" name="S41_APILogin" time="0.001"/>
  <testcase classname="testNG.DemoS41" name="S41_MobLogin" time="0.001"/>
  <testcase classname="testNG.DemoS41" name="S41_WebLogin" time="0.002"/>
</testsuite> <!-- testNG.DemoS41 -->
