<?xml version="1.0" encoding="UTF-8"?>
<!-- Generated by org.testng.reporters.JUnitReportReporter -->
<testsuite hostname="MachineLearner" failures="0" tests="1" name="testNG.DemoS48" time="0.014" errors="0" timestamp="2025-07-27T11:31:07 IST" skipped="0">
  <testcase classname="testNG.DemoS48" name="test5" time="0.014"/>
</testsuite> <!-- testNG.DemoS48 -->
