<?xml version="1.0" encoding="UTF-8"?>
<!-- Generated by org.testng.reporters.JUnitReportReporter -->
<testsuite hostname="MachineLearner" failures="0" tests="4" name="testNG.Annotations" time="0.010" errors="0" timestamp="2025-07-27T11:09:36 IST" skipped="0">
  <testcase classname="testNG.Annotations" name="mobileLogin" time="0.003"/>
  <testcase classname="testNG.Annotations" name="mobile_sso_Login" time="0.002"/>
  <testcase classname="testNG.Annotations" name="webLogin" time="0.003"/>
  <testcase classname="testNG.Annotations" name="apiLogin" time="0.002"/>
</testsuite> <!-- testNG.Annotations -->
