<?xml version="1.0" encoding="UTF-8"?>
<!-- Generated by org.testng.reporters.JUnitReportReporter -->
<testsuite hostname="MachineLearner" failures="0" tests="3" name="testNG.DemoS52" time="0.011" errors="0" timestamp="2025-07-27T12:20:12 IST" skipped="0">
  <testcase classname="testNG.DemoS52" name="search1" time="0.007"/>
  <testcase classname="testNG.DemoS52" name="search1" time="0.002"/>
  <testcase classname="testNG.DemoS52" name="search1" time="0.002"/>
</testsuite> <!-- testNG.DemoS52 -->
