<?xml version="1.0" encoding="UTF-8"?>
<!-- Generated by org.testng.reporters.JUnitReportReporter -->
<testsuite hostname="MachineLearner" failures="0" tests="1" name="testNG.DemoS51" time="0.016" errors="0" timestamp="2025-07-27T12:17:15 IST" skipped="0">
  <testcase classname="testNG.DemoS51" name="search" time="0.016"/>
</testsuite> <!-- testNG.DemoS51 -->
