<?xml version="1.0" encoding="UTF-8"?>
<!-- Generated by org.testng.reporters.JUnitReportReporter -->
<testsuite hostname="MachineLearner" failures="0" tests="3" name="testNG.Demo" time="0.018" errors="0" timestamp="2025-08-17T10:13:27 IST" skipped="0">
  <testcase classname="testNG.Demo" name="demo2" time="0.011"/>
  <testcase classname="testNG.Demo" name="demo3" time="0.003"/>
  <testcase classname="testNG.Demo" name="hello2" time="0.004"/>
</testsuite> <!-- testNG.Demo -->
