<?xml version="1.0" encoding="UTF-8"?>
<!-- Generated by org.testng.reporters.JUnitReportReporter -->
<testsuite hostname="MachineLearner" failures="0" tests="2" name="testNG.testNGbasics" time="0.024" errors="0" timestamp="2025-07-27T11:09:36 IST" skipped="0">
  <testcase classname="testNG.testNGbasics" name="myTest" time="0.013"/>
  <testcase classname="testNG.testNGbasics" name="hello2" time="0.011"/>
</testsuite> <!-- testNG.testNGbasics -->
