<?xml version="1.0" encoding="UTF-8"?>
<!-- Generated by org.testng.reporters.JUnitReportReporter -->
<testsuite hostname="MachineLearner" failures="0" tests="3" name="testNG.DemoS42" time="0.007" errors="0" timestamp="2025-07-27T11:09:36 IST" skipped="0">
  <testcase classname="testNG.DemoS42" name="S42_Last" time="0.002"/>
  <testcase classname="testNG.DemoS42" name="S42_Mid" time="0.003"/>
  <testcase classname="testNG.DemoS42" name="S42_First" time="0.002"/>
</testsuite> <!-- testNG.DemoS42 -->
