<?xml version="1.0" encoding="UTF-8"?>
<!-- Generated by org.testng.reporters.JUnitReportReporter -->
<testsuite hostname="MachineLearner" failures="0" tests="3" name="testNG.MoreAnnotations" time="0.003" errors="0" timestamp="2025-07-27T11:09:36 IST" skipped="1">
  <testcase classname="testNG.MoreAnnotations" name="test3" time="0.002"/>
  <testcase classname="testNG.MoreAnnotations" name="test1" time="0.001"/>
  <testcase classname="testNG.MoreAnnotations" name="test2">
    <skipped/>
  </testcase> <!-- test2 -->
</testsuite> <!-- testNG.MoreAnnotations -->
